<?xml version="1.0" encoding="UTF-8"?>
<!-- Generated by org.testng.reporters.JUnitXMLReporter -->
<testsuite hostname="BDC4-L-8Y4DZM2" ignored="1" name="TestCase3" tests="3" failures="0" timestamp="2020-02-28T12:53:16 IST" time="6.666" errors="0">
  <testcase name="testLoginDemoWebShop" time="0.0" classname="tests.NewTest">
    <skipped/>
  </testcase> <!-- testLoginDemoWebShop -->
  <testcase name="testLoginDemoWebShop" time="0.0" classname="tests.NewTest">
    <skipped/>
  </testcase> <!-- testLoginDemoWebShop -->
  <testcase name="testLoginDemoWebShop" time="0.0" classname="tests.NewTest">
    <skipped/>
  </testcase> <!-- testLoginDemoWebShop -->
  <testcase name="testDDT" time="0.0" classname="tests.NewTest">
    <ignored/>
  </testcase> <!-- testDDT -->
</testsuite> <!-- TestCase3 -->
