<?xml version="1.0" encoding="UTF-8"?>
<!-- Generated by org.testng.reporters.JUnitXMLReporter -->
<testsuite hostname="BDC4-L-8Y4DZM2" ignored="1" name="TestCase1" tests="10" failures="0" timestamp="2020-02-28T12:56:14 IST" time="35.352" errors="0">
  <testcase name="testLoginDemoWebShop" time="0.0" classname="tests.NewTest">
    <skipped/>
  </testcase> <!-- testLoginDemoWebShop -->
  <testcase name="testLoginDemoWebShop" time="0.0" classname="tests.NewTest">
    <skipped/>
  </testcase> <!-- testLoginDemoWebShop -->
  <testcase name="testLoginDemoWebShop" time="0.0" classname="tests.NewTest">
    <skipped/>
  </testcase> <!-- testLoginDemoWebShop -->
  <testcase name="testLoginDemoWebShop" time="6.811" classname="tests.NewTest"/>
  <testcase name="testLoginDemoWebShop" time="7.982" classname="tests.NewTest"/>
  <testcase name="testLoginDemoWebShop" time="7.861" classname="tests.NewTest"/>
  <testcase name="testLoginDemoWebShop" time="5.622" classname="tests.NewTest"/>
  <testcase name="testLoginDemoWebShop" time="5.805" classname="tests.NewTest"/>
  <testcase name="testLoginDemoWebShop" time="5.956" classname="tests.NewTest"/>
  <testcase name="testLoginDemoWebShop" time="5.572" classname="tests.NewTest"/>
  <testcase name="testDDT" time="0.0" classname="tests.NewTest">
    <ignored/>
  </testcase> <!-- testDDT -->
</testsuite> <!-- TestCase1 -->
